<?xml version="1.0" encoding="UTF-8"?>
<!-- Generated by org.testng.reporters.JUnitReportReporter -->
<testsuite skipped="0" hostname="DESKTOP-GM34SEO" name="com.home.testcases.TapTests" tests="2" failures="0" timestamp="2021-12-10T21:17:06 IST" time="71.103" errors="0">
  <testcase name="tapTest" time="25.219" classname="com.home.testcases.TapTests"/>
  <system-out/>
  <testcase name="tapTest" time="45.884" classname="com.home.testcases.TapTests"/>
  <system-out/>
</testsuite> <!-- com.home.testcases.TapTests -->
